2024-08-22T11:52:52: mosquitto version 2.0.18 starting
2024-08-22T11:52:52: Config loaded from /home/nuc/OTA-C/ProjectRoot/config/mosquitto/mosquitto.conf.
2024-08-22T11:52:52: Opening ipv4 listen socket on port 1883.
2024-08-22T11:52:52: Opening ipv6 listen socket on port 1883.
2024-08-22T11:52:52: mosquitto version 2.0.18 running
2024-08-22T11:53:42: mosquitto version 2.0.18 terminating
2024-08-22T11:53:42: Saving in-memory database to /home/nuc/OTA-C/ProjectRoot/config/mosquitto/mosquitto.db.
2024-08-22T12:02:21: mosquitto version 2.0.18 starting
2024-08-22T12:02:21: Config loaded from /home/nuc/OTA-C/ProjectRoot/config/mosquitto/mosquitto.conf.
2024-08-22T12:02:21: Opening ipv4 listen socket on port 1883.
2024-08-22T12:02:21: Opening ipv6 listen socket on port 1883.
2024-08-22T12:02:21: mosquitto version 2.0.18 running
2024-08-22T12:02:41: mosquitto version 2.0.18 terminating
2024-08-22T12:02:41: Saving in-memory database to /home/nuc/OTA-C/ProjectRoot/config/mosquitto/mosquitto.db.
2024-08-22T17:27:40: mosquitto version 2.0.18 starting
2024-08-22T17:27:40: Config loaded from /home/nuc/OTA-C/ProjectRoot/config/mosquitto/mosquitto.conf.
2024-08-22T17:27:40: Opening ipv4 listen socket on port 1883.
2024-08-22T17:27:40: Opening ipv6 listen socket on port 1883.
2024-08-22T17:27:40: mosquitto version 2.0.18 running
2024-08-22T17:27:46: New connection from 127.0.0.1:55768 on port 1883.
2024-08-22T17:27:46: New client connected from 127.0.0.1:55768 as auto-A29C232E-C0E9-987E-0C25-FFEEB4A3FD05 (p2, c1, k60).
2024-08-22T17:27:46: No will message specified.
2024-08-22T17:27:46: Sending CONNACK to auto-A29C232E-C0E9-987E-0C25-FFEEB4A3FD05 (0, 0)
2024-08-22T17:27:46: Received SUBSCRIBE from auto-A29C232E-C0E9-987E-0C25-FFEEB4A3FD05
2024-08-22T17:27:46: 	calibration (QoS 0)
2024-08-22T17:27:46: auto-A29C232E-C0E9-987E-0C25-FFEEB4A3FD05 0 calibration
2024-08-22T17:27:46: Sending SUBACK to auto-A29C232E-C0E9-987E-0C25-FFEEB4A3FD05
2024-08-22T17:28:12: New connection from 192.168.5.241:59662 on port 1883.
2024-08-22T17:28:12: New client connected from 192.168.5.241:59662 as test_nuc (p2, c1, k20).
2024-08-22T17:28:12: No will message specified.
2024-08-22T17:28:12: Sending CONNACK to test_nuc (0, 0)
2024-08-22T17:28:13: New connection from 192.168.5.247:33816 on port 1883.
2024-08-22T17:28:13: Client test_nuc already connected, closing old connection.
2024-08-22T17:28:13: New client connected from 192.168.5.247:33816 as test_nuc (p2, c1, k20).
2024-08-22T17:28:13: No will message specified.
2024-08-22T17:28:13: Sending CONNACK to test_nuc (0, 0)
2024-08-22T17:28:35: Received PINGREQ from test_nuc
2024-08-22T17:28:35: Sending PINGRESP to test_nuc
2024-08-22T17:28:45: Received PINGREQ from auto-A29C232E-C0E9-987E-0C25-FFEEB4A3FD05
2024-08-22T17:28:45: Sending PINGRESP to auto-A29C232E-C0E9-987E-0C25-FFEEB4A3FD05
2024-08-22T17:28:57: Received PINGREQ from test_nuc
2024-08-22T17:28:57: Sending PINGRESP to test_nuc
2024-08-22T17:29:19: Received PINGREQ from test_nuc
2024-08-22T17:29:19: Sending PINGRESP to test_nuc
2024-08-22T17:29:30: Client test_nuc closed its connection.
2024-08-22T17:29:45: Received PINGREQ from auto-A29C232E-C0E9-987E-0C25-FFEEB4A3FD05
2024-08-22T17:29:45: Sending PINGRESP to auto-A29C232E-C0E9-987E-0C25-FFEEB4A3FD05
2024-08-22T17:30:19: New connection from 192.168.5.247:58212 on port 1883.
2024-08-22T17:30:19: New client connected from 192.168.5.247:58212 as test_nuc (p2, c1, k20).
2024-08-22T17:30:19: No will message specified.
2024-08-22T17:30:19: Sending CONNACK to test_nuc (0, 0)
2024-08-22T17:30:41: Received PINGREQ from test_nuc
2024-08-22T17:30:41: Sending PINGRESP to test_nuc
2024-08-22T17:30:45: Received PINGREQ from auto-A29C232E-C0E9-987E-0C25-FFEEB4A3FD05
2024-08-22T17:30:45: Sending PINGRESP to auto-A29C232E-C0E9-987E-0C25-FFEEB4A3FD05
2024-08-22T17:31:03: Received PINGREQ from test_nuc
2024-08-22T17:31:03: Sending PINGRESP to test_nuc
2024-08-22T17:31:24: Client test_nuc closed its connection.
2024-08-22T17:31:46: Received PINGREQ from auto-A29C232E-C0E9-987E-0C25-FFEEB4A3FD05
2024-08-22T17:31:46: Sending PINGRESP to auto-A29C232E-C0E9-987E-0C25-FFEEB4A3FD05
2024-08-22T17:32:46: Received PINGREQ from auto-A29C232E-C0E9-987E-0C25-FFEEB4A3FD05
2024-08-22T17:32:46: Sending PINGRESP to auto-A29C232E-C0E9-987E-0C25-FFEEB4A3FD05
2024-08-22T17:33:46: Received PINGREQ from auto-A29C232E-C0E9-987E-0C25-FFEEB4A3FD05
2024-08-22T17:33:46: Sending PINGRESP to auto-A29C232E-C0E9-987E-0C25-FFEEB4A3FD05
2024-08-22T17:34:46: Received PINGREQ from auto-A29C232E-C0E9-987E-0C25-FFEEB4A3FD05
2024-08-22T17:34:46: Sending PINGRESP to auto-A29C232E-C0E9-987E-0C25-FFEEB4A3FD05
2024-08-22T17:35:46: Received PINGREQ from auto-A29C232E-C0E9-987E-0C25-FFEEB4A3FD05
2024-08-22T17:35:46: Sending PINGRESP to auto-A29C232E-C0E9-987E-0C25-FFEEB4A3FD05
2024-08-22T17:36:46: Received PINGREQ from auto-A29C232E-C0E9-987E-0C25-FFEEB4A3FD05
2024-08-22T17:36:46: Sending PINGRESP to auto-A29C232E-C0E9-987E-0C25-FFEEB4A3FD05
2024-08-22T17:37:46: Received PINGREQ from auto-A29C232E-C0E9-987E-0C25-FFEEB4A3FD05
2024-08-22T17:37:46: Sending PINGRESP to auto-A29C232E-C0E9-987E-0C25-FFEEB4A3FD05
2024-08-22T17:38:46: Received PINGREQ from auto-A29C232E-C0E9-987E-0C25-FFEEB4A3FD05
2024-08-22T17:38:46: Sending PINGRESP to auto-A29C232E-C0E9-987E-0C25-FFEEB4A3FD05
2024-08-22T17:39:46: Received PINGREQ from auto-A29C232E-C0E9-987E-0C25-FFEEB4A3FD05
2024-08-22T17:39:46: Sending PINGRESP to auto-A29C232E-C0E9-987E-0C25-FFEEB4A3FD05
2024-08-22T17:40:46: Received PINGREQ from auto-A29C232E-C0E9-987E-0C25-FFEEB4A3FD05
2024-08-22T17:40:46: Sending PINGRESP to auto-A29C232E-C0E9-987E-0C25-FFEEB4A3FD05
2024-08-22T17:41:46: Received PINGREQ from auto-A29C232E-C0E9-987E-0C25-FFEEB4A3FD05
2024-08-22T17:41:46: Sending PINGRESP to auto-A29C232E-C0E9-987E-0C25-FFEEB4A3FD05
2024-08-22T17:42:45: Received PINGREQ from auto-A29C232E-C0E9-987E-0C25-FFEEB4A3FD05
2024-08-22T17:42:45: Sending PINGRESP to auto-A29C232E-C0E9-987E-0C25-FFEEB4A3FD05
2024-08-22T17:43:45: Received PINGREQ from auto-A29C232E-C0E9-987E-0C25-FFEEB4A3FD05
2024-08-22T17:43:45: Sending PINGRESP to auto-A29C232E-C0E9-987E-0C25-FFEEB4A3FD05
2024-08-22T17:44:45: Received PINGREQ from auto-A29C232E-C0E9-987E-0C25-FFEEB4A3FD05
2024-08-22T17:44:45: Sending PINGRESP to auto-A29C232E-C0E9-987E-0C25-FFEEB4A3FD05
2024-08-22T17:45:46: Received PINGREQ from auto-A29C232E-C0E9-987E-0C25-FFEEB4A3FD05
2024-08-22T17:45:46: Sending PINGRESP to auto-A29C232E-C0E9-987E-0C25-FFEEB4A3FD05
2024-08-22T17:46:46: Received PINGREQ from auto-A29C232E-C0E9-987E-0C25-FFEEB4A3FD05
2024-08-22T17:46:46: Sending PINGRESP to auto-A29C232E-C0E9-987E-0C25-FFEEB4A3FD05
2024-08-22T17:47:46: Received PINGREQ from auto-A29C232E-C0E9-987E-0C25-FFEEB4A3FD05
2024-08-22T17:47:46: Sending PINGRESP to auto-A29C232E-C0E9-987E-0C25-FFEEB4A3FD05
2024-08-22T17:48:46: Received PINGREQ from auto-A29C232E-C0E9-987E-0C25-FFEEB4A3FD05
2024-08-22T17:48:46: Sending PINGRESP to auto-A29C232E-C0E9-987E-0C25-FFEEB4A3FD05
2024-08-22T17:49:46: Received PINGREQ from auto-A29C232E-C0E9-987E-0C25-FFEEB4A3FD05
2024-08-22T17:49:46: Sending PINGRESP to auto-A29C232E-C0E9-987E-0C25-FFEEB4A3FD05
2024-08-22T17:50:46: Received PINGREQ from auto-A29C232E-C0E9-987E-0C25-FFEEB4A3FD05
2024-08-22T17:50:46: Sending PINGRESP to auto-A29C232E-C0E9-987E-0C25-FFEEB4A3FD05
2024-08-22T17:51:46: Received PINGREQ from auto-A29C232E-C0E9-987E-0C25-FFEEB4A3FD05
2024-08-22T17:51:46: Sending PINGRESP to auto-A29C232E-C0E9-987E-0C25-FFEEB4A3FD05
2024-08-22T17:52:46: Received PINGREQ from auto-A29C232E-C0E9-987E-0C25-FFEEB4A3FD05
2024-08-22T17:52:46: Sending PINGRESP to auto-A29C232E-C0E9-987E-0C25-FFEEB4A3FD05
2024-08-22T17:53:46: Received PINGREQ from auto-A29C232E-C0E9-987E-0C25-FFEEB4A3FD05
2024-08-22T17:53:46: Sending PINGRESP to auto-A29C232E-C0E9-987E-0C25-FFEEB4A3FD05
2024-08-22T17:54:46: Received PINGREQ from auto-A29C232E-C0E9-987E-0C25-FFEEB4A3FD05
2024-08-22T17:54:46: Sending PINGRESP to auto-A29C232E-C0E9-987E-0C25-FFEEB4A3FD05
2024-08-22T17:55:45: Received PINGREQ from auto-A29C232E-C0E9-987E-0C25-FFEEB4A3FD05
2024-08-22T17:55:45: Sending PINGRESP to auto-A29C232E-C0E9-987E-0C25-FFEEB4A3FD05
2024-08-22T17:56:45: Received PINGREQ from auto-A29C232E-C0E9-987E-0C25-FFEEB4A3FD05
2024-08-22T17:56:45: Sending PINGRESP to auto-A29C232E-C0E9-987E-0C25-FFEEB4A3FD05
